<?xml version="1.0" encoding="UTF-8"?>
<testng-results ignored="0" total="1" passed="1" failed="0" skipped="0">
  <reporter-output>
  </reporter-output>
  <suite started-at="2022-09-17T18:16:55 IST" name="Default suite" finished-at="2022-09-17T18:18:15 IST" duration-ms="80117">
    <groups>
    </groups>
    <test started-at="2022-09-17T18:16:55 IST" name="Default test" finished-at="2022-09-17T18:18:15 IST" duration-ms="80117">
      <class name="Testcases.TC02Addcart">
        <test-method is-config="true" signature="configBS()[pri:0, instance:Testcases.TC02Addcart@242b836]" started-at="2022-09-17T18:16:55 IST" name="configBS" finished-at="2022-09-17T18:16:55 IST" duration-ms="10" status="PASS">
          <reporter-output>
          </reporter-output>
        </test-method> <!-- configBS -->
        <test-method is-config="true" signature="configBC()[pri:0, instance:Testcases.TC02Addcart@242b836]" started-at="2022-09-17T18:16:55 IST" name="configBC" finished-at="2022-09-17T18:17:02 IST" duration-ms="7437" status="PASS">
          <reporter-output>
          </reporter-output>
        </test-method> <!-- configBC -->
        <test-method is-config="true" signature="configBM()[pri:0, instance:Testcases.TC02Addcart@242b836]" started-at="2022-09-17T18:17:02 IST" name="configBM" finished-at="2022-09-17T18:17:15 IST" duration-ms="12315" status="PASS">
          <reporter-output>
          </reporter-output>
        </test-method> <!-- configBM -->
        <test-method signature="TC02()[pri:0, instance:Testcases.TC02Addcart@242b836]" started-at="2022-09-17T18:17:15 IST" name="TC02" finished-at="2022-09-17T18:18:04 IST" duration-ms="49564" status="PASS">
          <reporter-output>
          </reporter-output>
        </test-method> <!-- TC02 -->
        <test-method is-config="true" signature="configAM()[pri:0, instance:Testcases.TC02Addcart@242b836]" started-at="2022-09-17T18:18:04 IST" name="configAM" finished-at="2022-09-17T18:18:14 IST" duration-ms="9162" status="PASS">
          <reporter-output>
          </reporter-output>
        </test-method> <!-- configAM -->
        <test-method is-config="true" signature="configAC()[pri:0, instance:Testcases.TC02Addcart@242b836]" started-at="2022-09-17T18:18:14 IST" name="configAC" finished-at="2022-09-17T18:18:15 IST" duration-ms="1585" status="PASS">
          <reporter-output>
          </reporter-output>
        </test-method> <!-- configAC -->
        <test-method is-config="true" signature="configAS()[pri:0, instance:Testcases.TC02Addcart@242b836]" started-at="2022-09-17T18:18:15 IST" name="configAS" finished-at="2022-09-17T18:18:15 IST" duration-ms="1" status="PASS">
          <reporter-output>
          </reporter-output>
        </test-method> <!-- configAS -->
      </class> <!-- Testcases.TC02Addcart -->
    </test> <!-- Default test -->
  </suite> <!-- Default suite -->
</testng-results>
